<?xml version="1.0" encoding="UTF-8"?>
<testsuite xmlns:xsi="http://www.w3.org/2001/XMLSchema-instance" xsi:noNamespaceSchemaLocation="https://maven.apache.org/surefire/maven-surefire-plugin/xsd/surefire-test-report-3.0.xsd" version="3.0" name="Smoke steps" time="10.159" tests="2" errors="1" skipped="0" failures="0">
  <properties>
    <property name="gopherProxySet" value="false"/>
    <property name="awt.toolkit" value="sun.lwawt.macosx.LWCToolkit"/>
    <property name="file.encoding.pkg" value="sun.io"/>
    <property name="java.specification.version" value="1.8"/>
    <property name="webdriver.chrome.driver" value="/Users/anvarxadja/.m2/repository/webdriver/chromedriver/mac64/88.0.4324.96/chromedriver"/>
    <property name="sun.cpu.isalist" value=""/>
    <property name="sun.jnu.encoding" value="UTF-8"/>
    <property name="java.class.path" value="/Users/anvarxadja/Desktop/HXRO-java-REST-API-Automation/target/test-classes:/Users/anvarxadja/Desktop/HXRO-java-REST-API-Automation/target/classes:/Users/anvarxadja/.m2/repository/junit/junit/4.13/junit-4.13.jar:/Users/anvarxadja/.m2/repository/org/hamcrest/hamcrest-core/1.3/hamcrest-core-1.3.jar:/Users/anvarxadja/.m2/repository/org/apache/maven/surefire/surefire-junit47/3.0.0-M5/surefire-junit47-3.0.0-M5.jar:/Users/anvarxadja/.m2/repository/org/apache/maven/surefire/common-junit48/3.0.0-M5/common-junit48-3.0.0-M5.jar:/Users/anvarxadja/.m2/repository/org/apache/maven/surefire/common-junit4/3.0.0-M5/common-junit4-3.0.0-M5.jar:/Users/anvarxadja/.m2/repository/org/apache/maven/surefire/common-junit3/3.0.0-M5/common-junit3-3.0.0-M5.jar:/Users/anvarxadja/.m2/repository/org/apache/maven/surefire/common-java5/3.0.0-M5/common-java5-3.0.0-M5.jar:/Users/anvarxadja/.m2/repository/org/apache/maven/surefire/surefire-grouper/3.0.0-M5/surefire-grouper-3.0.0-M5.jar:/Users/anvarxadja/.m2/repository/org/apache/maven/surefire/surefire-api/3.0.0-M5/surefire-api-3.0.0-M5.jar:/Users/anvarxadja/.m2/repository/org/apache/maven/surefire/surefire-logger-api/3.0.0-M5/surefire-logger-api-3.0.0-M5.jar:/Users/anvarxadja/.m2/repository/org/apache/maven/surefire/surefire-shared-utils/3.0.0-M4/surefire-shared-utils-3.0.0-M4.jar:/Users/anvarxadja/.m2/repository/org/testng/testng/7.1.0/testng-7.1.0.jar:/Users/anvarxadja/.m2/repository/com/beust/jcommander/1.72/jcommander-1.72.jar:/Users/anvarxadja/.m2/repository/com/google/inject/guice/4.1.0/guice-4.1.0-no_aop.jar:/Users/anvarxadja/.m2/repository/javax/inject/javax.inject/1/javax.inject-1.jar:/Users/anvarxadja/.m2/repository/aopalliance/aopalliance/1.0/aopalliance-1.0.jar:/Users/anvarxadja/.m2/repository/org/yaml/snakeyaml/1.21/snakeyaml-1.21.jar:/Users/anvarxadja/.m2/repository/io/github/bonigarcia/webdrivermanager/4.1.0/webdrivermanager-4.1.0.jar:/Users/anvarxadja/.m2/repository/org/slf4j/slf4j-api/1.7.30/slf4j-api-1.7.30.jar:/Users/anvarxadja/.m2/repository/com/google/code/gson/gson/2.8.6/gson-2.8.6.jar:/Users/anvarxadja/.m2/repository/org/apache/commons/commons-lang3/3.10/commons-lang3-3.10.jar:/Users/anvarxadja/.m2/repository/org/apache/httpcomponents/client5/httpclient5/5.0.1/httpclient5-5.0.1.jar:/Users/anvarxadja/.m2/repository/org/apache/httpcomponents/core5/httpcore5/5.0.1/httpcore5-5.0.1.jar:/Users/anvarxadja/.m2/repository/org/apache/httpcomponents/core5/httpcore5-h2/5.0.1/httpcore5-h2-5.0.1.jar:/Users/anvarxadja/.m2/repository/commons-codec/commons-codec/1.13/commons-codec-1.13.jar:/Users/anvarxadja/.m2/repository/org/rauschig/jarchivelib/1.0.0/jarchivelib-1.0.0.jar:/Users/anvarxadja/.m2/repository/org/apache/commons/commons-compress/1.18/commons-compress-1.18.jar:/Users/anvarxadja/.m2/repository/org/jsoup/jsoup/1.13.1/jsoup-1.13.1.jar:/Users/anvarxadja/.m2/repository/org/seleniumhq/selenium/selenium-java/3.141.59/selenium-java-3.141.59.jar:/Users/anvarxadja/.m2/repository/org/seleniumhq/selenium/selenium-edge-driver/3.141.59/selenium-edge-driver-3.141.59.jar:/Users/anvarxadja/.m2/repository/org/seleniumhq/selenium/selenium-ie-driver/3.141.59/selenium-ie-driver-3.141.59.jar:/Users/anvarxadja/.m2/repository/org/seleniumhq/selenium/selenium-opera-driver/3.141.59/selenium-opera-driver-3.141.59.jar:/Users/anvarxadja/.m2/repository/net/bytebuddy/byte-buddy/1.8.15/byte-buddy-1.8.15.jar:/Users/anvarxadja/.m2/repository/org/apache/commons/commons-exec/1.3/commons-exec-1.3.jar:/Users/anvarxadja/.m2/repository/com/google/guava/guava/25.0-jre/guava-25.0-jre.jar:/Users/anvarxadja/.m2/repository/com/google/code/findbugs/jsr305/1.3.9/jsr305-1.3.9.jar:/Users/anvarxadja/.m2/repository/org/checkerframework/checker-compat-qual/2.0.0/checker-compat-qual-2.0.0.jar:/Users/anvarxadja/.m2/repository/com/google/errorprone/error_prone_annotations/2.1.3/error_prone_annotations-2.1.3.jar:/Users/anvarxadja/.m2/repository/com/google/j2objc/j2objc-annotations/1.1/j2objc-annotations-1.1.jar:/Users/anvarxadja/.m2/repository/org/codehaus/mojo/animal-sniffer-annotations/1.14/animal-sniffer-annotations-1.14.jar:/Users/anvarxadja/.m2/repository/com/squareup/okhttp3/okhttp/3.11.0/okhttp-3.11.0.jar:/Users/anvarxadja/.m2/repository/com/squareup/okio/okio/1.14.0/okio-1.14.0.jar:/Users/anvarxadja/.m2/repository/org/seleniumhq/selenium/selenium-api/3.141.59/selenium-api-3.141.59.jar:/Users/anvarxadja/.m2/repository/org/seleniumhq/selenium/selenium-support/3.141.59/selenium-support-3.141.59.jar:/Users/anvarxadja/.m2/repository/org/seleniumhq/selenium/selenium-chrome-driver/3.141.59/selenium-chrome-driver-3.141.59.jar:/Users/anvarxadja/.m2/repository/org/seleniumhq/selenium/selenium-safari-driver/3.141.59/selenium-safari-driver-3.141.59.jar:/Users/anvarxadja/.m2/repository/org/seleniumhq/selenium/selenium-firefox-driver/3.141.59/selenium-firefox-driver-3.141.59.jar:/Users/anvarxadja/.m2/repository/org/seleniumhq/selenium/selenium-remote-driver/3.141.59/selenium-remote-driver-3.141.59.jar:/Users/anvarxadja/.m2/repository/org/seleniumhq/selenium/selenium-server/3.141.59/selenium-server-3.141.59.jar:/Users/anvarxadja/.m2/repository/net/jcip/jcip-annotations/1.0/jcip-annotations-1.0.jar:/Users/anvarxadja/.m2/repository/org/seleniumhq/selenium/jetty-repacked/9.4.12.v20180830/jetty-repacked-9.4.12.v20180830.jar:/Users/anvarxadja/.m2/repository/javax/servlet/javax.servlet-api/3.1.0/javax.servlet-api-3.1.0.jar:/Users/anvarxadja/.m2/repository/net/sourceforge/htmlunit/htmlunit/2.38.0/htmlunit-2.38.0.jar:/Users/anvarxadja/.m2/repository/xalan/xalan/2.7.2/xalan-2.7.2.jar:/Users/anvarxadja/.m2/repository/xalan/serializer/2.7.2/serializer-2.7.2.jar:/Users/anvarxadja/.m2/repository/org/apache/commons/commons-text/1.8/commons-text-1.8.jar:/Users/anvarxadja/.m2/repository/org/apache/httpcomponents/httpmime/4.5.12/httpmime-4.5.12.jar:/Users/anvarxadja/.m2/repository/net/sourceforge/htmlunit/htmlunit-core-js/2.38.0/htmlunit-core-js-2.38.0.jar:/Users/anvarxadja/.m2/repository/net/sourceforge/htmlunit/neko-htmlunit/2.38.0/neko-htmlunit-2.38.0.jar:/Users/anvarxadja/.m2/repository/xerces/xercesImpl/2.12.0/xercesImpl-2.12.0.jar:/Users/anvarxadja/.m2/repository/xml-apis/xml-apis/1.4.01/xml-apis-1.4.01.jar:/Users/anvarxadja/.m2/repository/net/sourceforge/htmlunit/htmlunit-cssparser/1.5.0/htmlunit-cssparser-1.5.0.jar:/Users/anvarxadja/.m2/repository/commons-logging/commons-logging/1.2/commons-logging-1.2.jar:/Users/anvarxadja/.m2/repository/commons-net/commons-net/3.6/commons-net-3.6.jar:/Users/anvarxadja/.m2/repository/org/brotli/dec/0.1.2/dec-0.1.2.jar:/Users/anvarxadja/.m2/repository/org/eclipse/jetty/websocket/websocket-client/9.4.27.v20200227/websocket-client-9.4.27.v20200227.jar:/Users/anvarxadja/.m2/repository/org/eclipse/jetty/jetty-client/9.4.27.v20200227/jetty-client-9.4.27.v20200227.jar:/Users/anvarxadja/.m2/repository/org/eclipse/jetty/jetty-http/9.4.27.v20200227/jetty-http-9.4.27.v20200227.jar:/Users/anvarxadja/.m2/repository/org/eclipse/jetty/jetty-xml/9.4.27.v20200227/jetty-xml-9.4.27.v20200227.jar:/Users/anvarxadja/.m2/repository/org/eclipse/jetty/jetty-util/9.4.27.v20200227/jetty-util-9.4.27.v20200227.jar:/Users/anvarxadja/.m2/repository/org/eclipse/jetty/jetty-io/9.4.27.v20200227/jetty-io-9.4.27.v20200227.jar:/Users/anvarxadja/.m2/repository/org/eclipse/jetty/websocket/websocket-common/9.4.27.v20200227/websocket-common-9.4.27.v20200227.jar:/Users/anvarxadja/.m2/repository/org/eclipse/jetty/websocket/websocket-api/9.4.27.v20200227/websocket-api-9.4.27.v20200227.jar:/Users/anvarxadja/.m2/repository/org/seleniumhq/selenium/htmlunit-driver/2.42.0/htmlunit-driver-2.42.0.jar:/Users/anvarxadja/.m2/repository/io/cucumber/cucumber-java/4.4.0/cucumber-java-4.4.0.jar:/Users/anvarxadja/.m2/repository/io/cucumber/cucumber-core/4.4.0/cucumber-core-4.4.0.jar:/Users/anvarxadja/.m2/repository/io/cucumber/gherkin/5.1.0/gherkin-5.1.0.jar:/Users/anvarxadja/.m2/repository/io/cucumber/tag-expressions/1.1.1/tag-expressions-1.1.1.jar:/Users/anvarxadja/.m2/repository/io/cucumber/cucumber-java8/4.4.0/cucumber-java8-4.4.0.jar:/Users/anvarxadja/.m2/repository/net/jodah/typetools/0.5.0/typetools-0.5.0.jar:/Users/anvarxadja/.m2/repository/io/cucumber/cucumber-junit/4.4.0/cucumber-junit-4.4.0.jar:/Users/anvarxadja/.m2/repository/io/cucumber/cucumber-testng/4.4.0/cucumber-testng-4.4.0.jar:/Users/anvarxadja/.m2/repository/io/cucumber/cucumber-expressions/10.2.1/cucumber-expressions-10.2.1.jar:/Users/anvarxadja/.m2/repository/org/apiguardian/apiguardian-api/1.1.0/apiguardian-api-1.1.0.jar:/Users/anvarxadja/.m2/repository/io/cucumber/datatable/3.3.1/datatable-3.3.1.jar:/Users/anvarxadja/.m2/repository/org/assertj/assertj-core/3.16.1/assertj-core-3.16.1.jar:/Users/anvarxadja/.m2/repository/commons-io/commons-io/2.7/commons-io-2.7.jar:/Users/anvarxadja/.m2/repository/io/rest-assured/rest-assured/4.3.1/rest-assured-4.3.1.jar:/Users/anvarxadja/.m2/repository/org/codehaus/groovy/groovy/3.0.3/groovy-3.0.3.jar:/Users/anvarxadja/.m2/repository/org/codehaus/groovy/groovy-xml/3.0.3/groovy-xml-3.0.3.jar:/Users/anvarxadja/.m2/repository/org/apache/httpcomponents/httpclient/4.5.3/httpclient-4.5.3.jar:/Users/anvarxadja/.m2/repository/org/apache/httpcomponents/httpcore/4.4.6/httpcore-4.4.6.jar:/Users/anvarxadja/.m2/repository/org/hamcrest/hamcrest/2.1/hamcrest-2.1.jar:/Users/anvarxadja/.m2/repository/org/ccil/cowan/tagsoup/tagsoup/1.2.1/tagsoup-1.2.1.jar:/Users/anvarxadja/.m2/repository/io/rest-assured/json-path/4.3.1/json-path-4.3.1.jar:/Users/anvarxadja/.m2/repository/org/codehaus/groovy/groovy-json/3.0.3/groovy-json-3.0.3.jar:/Users/anvarxadja/.m2/repository/io/rest-assured/rest-assured-common/4.3.1/rest-assured-common-4.3.1.jar:/Users/anvarxadja/.m2/repository/io/rest-assured/xml-path/4.3.1/xml-path-4.3.1.jar:/Users/anvarxadja/.m2/repository/jakarta/xml/bind/jakarta.xml.bind-api/2.3.3/jakarta.xml.bind-api-2.3.3.jar:/Users/anvarxadja/.m2/repository/jakarta/activation/jakarta.activation-api/1.2.2/jakarta.activation-api-1.2.2.jar:/Users/anvarxadja/.m2/repository/com/sun/xml/bind/jaxb-impl/2.3.3/jaxb-impl-2.3.3.jar:/Users/anvarxadja/.m2/repository/com/fasterxml/jackson/core/jackson-databind/2.11.1/jackson-databind-2.11.1.jar:/Users/anvarxadja/.m2/repository/com/fasterxml/jackson/core/jackson-annotations/2.11.1/jackson-annotations-2.11.1.jar:/Users/anvarxadja/.m2/repository/com/fasterxml/jackson/core/jackson-core/2.11.1/jackson-core-2.11.1.jar:/Users/anvarxadja/.m2/repository/org/hamcrest/hamcrest-all/1.3/hamcrest-all-1.3.jar:/Users/anvarxadja/.m2/repository/org/apache/logging/log4j/log4j-core/2.13.3/log4j-core-2.13.3.jar:/Users/anvarxadja/.m2/repository/org/apache/logging/log4j/log4j-api/2.13.3/log4j-api-2.13.3.jar:/Users/anvarxadja/.m2/repository/org/apache/logging/log4j/log4j-slf4j-impl/2.13.3/log4j-slf4j-impl-2.13.3.jar:"/>
    <property name="java.vm.vendor" value="Oracle Corporation"/>
    <property name="sun.arch.data.model" value="64"/>
    <property name="java.vendor.url" value="http://java.oracle.com/"/>
    <property name="user.timezone" value="America/Chicago"/>
    <property name="java.vm.specification.version" value="1.8"/>
    <property name="os.name" value="Mac OS X"/>
    <property name="webdriver.chrome.silentOutput" value="true"/>
    <property name="user.country" value="US"/>
    <property name="sun.java.launcher" value="SUN_STANDARD"/>
    <property name="sun.boot.library.path" value="/Library/Java/JavaVirtualMachines/jdk1.8.0_281.jdk/Contents/Home/jre/lib"/>
    <property name="sun.java.command" value="/Users/anvarxadja/Desktop/HXRO-java-REST-API-Automation/target/surefire/surefirebooter1627161701465862118.jar /Users/anvarxadja/Desktop/HXRO-java-REST-API-Automation/target/surefire 2021-02-19T21-01-10_500-jvmRun1 surefire7744215778103904933tmp surefire_01353337508356151976tmp"/>
    <property name="http.nonProxyHosts" value="local|*.local|169.254/16|*.169.254/16"/>
    <property name="surefire.test.class.path" value="/Users/anvarxadja/Desktop/HXRO-java-REST-API-Automation/target/test-classes:/Users/anvarxadja/Desktop/HXRO-java-REST-API-Automation/target/classes:/Users/anvarxadja/.m2/repository/junit/junit/4.13/junit-4.13.jar:/Users/anvarxadja/.m2/repository/org/hamcrest/hamcrest-core/1.3/hamcrest-core-1.3.jar:/Users/anvarxadja/.m2/repository/org/apache/maven/surefire/surefire-junit47/3.0.0-M5/surefire-junit47-3.0.0-M5.jar:/Users/anvarxadja/.m2/repository/org/apache/maven/surefire/common-junit48/3.0.0-M5/common-junit48-3.0.0-M5.jar:/Users/anvarxadja/.m2/repository/org/apache/maven/surefire/common-junit4/3.0.0-M5/common-junit4-3.0.0-M5.jar:/Users/anvarxadja/.m2/repository/org/apache/maven/surefire/common-junit3/3.0.0-M5/common-junit3-3.0.0-M5.jar:/Users/anvarxadja/.m2/repository/org/apache/maven/surefire/common-java5/3.0.0-M5/common-java5-3.0.0-M5.jar:/Users/anvarxadja/.m2/repository/org/apache/maven/surefire/surefire-grouper/3.0.0-M5/surefire-grouper-3.0.0-M5.jar:/Users/anvarxadja/.m2/repository/org/apache/maven/surefire/surefire-api/3.0.0-M5/surefire-api-3.0.0-M5.jar:/Users/anvarxadja/.m2/repository/org/apache/maven/surefire/surefire-logger-api/3.0.0-M5/surefire-logger-api-3.0.0-M5.jar:/Users/anvarxadja/.m2/repository/org/apache/maven/surefire/surefire-shared-utils/3.0.0-M4/surefire-shared-utils-3.0.0-M4.jar:/Users/anvarxadja/.m2/repository/org/testng/testng/7.1.0/testng-7.1.0.jar:/Users/anvarxadja/.m2/repository/com/beust/jcommander/1.72/jcommander-1.72.jar:/Users/anvarxadja/.m2/repository/com/google/inject/guice/4.1.0/guice-4.1.0-no_aop.jar:/Users/anvarxadja/.m2/repository/javax/inject/javax.inject/1/javax.inject-1.jar:/Users/anvarxadja/.m2/repository/aopalliance/aopalliance/1.0/aopalliance-1.0.jar:/Users/anvarxadja/.m2/repository/org/yaml/snakeyaml/1.21/snakeyaml-1.21.jar:/Users/anvarxadja/.m2/repository/io/github/bonigarcia/webdrivermanager/4.1.0/webdrivermanager-4.1.0.jar:/Users/anvarxadja/.m2/repository/org/slf4j/slf4j-api/1.7.30/slf4j-api-1.7.30.jar:/Users/anvarxadja/.m2/repository/com/google/code/gson/gson/2.8.6/gson-2.8.6.jar:/Users/anvarxadja/.m2/repository/org/apache/commons/commons-lang3/3.10/commons-lang3-3.10.jar:/Users/anvarxadja/.m2/repository/org/apache/httpcomponents/client5/httpclient5/5.0.1/httpclient5-5.0.1.jar:/Users/anvarxadja/.m2/repository/org/apache/httpcomponents/core5/httpcore5/5.0.1/httpcore5-5.0.1.jar:/Users/anvarxadja/.m2/repository/org/apache/httpcomponents/core5/httpcore5-h2/5.0.1/httpcore5-h2-5.0.1.jar:/Users/anvarxadja/.m2/repository/commons-codec/commons-codec/1.13/commons-codec-1.13.jar:/Users/anvarxadja/.m2/repository/org/rauschig/jarchivelib/1.0.0/jarchivelib-1.0.0.jar:/Users/anvarxadja/.m2/repository/org/apache/commons/commons-compress/1.18/commons-compress-1.18.jar:/Users/anvarxadja/.m2/repository/org/jsoup/jsoup/1.13.1/jsoup-1.13.1.jar:/Users/anvarxadja/.m2/repository/org/seleniumhq/selenium/selenium-java/3.141.59/selenium-java-3.141.59.jar:/Users/anvarxadja/.m2/repository/org/seleniumhq/selenium/selenium-edge-driver/3.141.59/selenium-edge-driver-3.141.59.jar:/Users/anvarxadja/.m2/repository/org/seleniumhq/selenium/selenium-ie-driver/3.141.59/selenium-ie-driver-3.141.59.jar:/Users/anvarxadja/.m2/repository/org/seleniumhq/selenium/selenium-opera-driver/3.141.59/selenium-opera-driver-3.141.59.jar:/Users/anvarxadja/.m2/repository/net/bytebuddy/byte-buddy/1.8.15/byte-buddy-1.8.15.jar:/Users/anvarxadja/.m2/repository/org/apache/commons/commons-exec/1.3/commons-exec-1.3.jar:/Users/anvarxadja/.m2/repository/com/google/guava/guava/25.0-jre/guava-25.0-jre.jar:/Users/anvarxadja/.m2/repository/com/google/code/findbugs/jsr305/1.3.9/jsr305-1.3.9.jar:/Users/anvarxadja/.m2/repository/org/checkerframework/checker-compat-qual/2.0.0/checker-compat-qual-2.0.0.jar:/Users/anvarxadja/.m2/repository/com/google/errorprone/error_prone_annotations/2.1.3/error_prone_annotations-2.1.3.jar:/Users/anvarxadja/.m2/repository/com/google/j2objc/j2objc-annotations/1.1/j2objc-annotations-1.1.jar:/Users/anvarxadja/.m2/repository/org/codehaus/mojo/animal-sniffer-annotations/1.14/animal-sniffer-annotations-1.14.jar:/Users/anvarxadja/.m2/repository/com/squareup/okhttp3/okhttp/3.11.0/okhttp-3.11.0.jar:/Users/anvarxadja/.m2/repository/com/squareup/okio/okio/1.14.0/okio-1.14.0.jar:/Users/anvarxadja/.m2/repository/org/seleniumhq/selenium/selenium-api/3.141.59/selenium-api-3.141.59.jar:/Users/anvarxadja/.m2/repository/org/seleniumhq/selenium/selenium-support/3.141.59/selenium-support-3.141.59.jar:/Users/anvarxadja/.m2/repository/org/seleniumhq/selenium/selenium-chrome-driver/3.141.59/selenium-chrome-driver-3.141.59.jar:/Users/anvarxadja/.m2/repository/org/seleniumhq/selenium/selenium-safari-driver/3.141.59/selenium-safari-driver-3.141.59.jar:/Users/anvarxadja/.m2/repository/org/seleniumhq/selenium/selenium-firefox-driver/3.141.59/selenium-firefox-driver-3.141.59.jar:/Users/anvarxadja/.m2/repository/org/seleniumhq/selenium/selenium-remote-driver/3.141.59/selenium-remote-driver-3.141.59.jar:/Users/anvarxadja/.m2/repository/org/seleniumhq/selenium/selenium-server/3.141.59/selenium-server-3.141.59.jar:/Users/anvarxadja/.m2/repository/net/jcip/jcip-annotations/1.0/jcip-annotations-1.0.jar:/Users/anvarxadja/.m2/repository/org/seleniumhq/selenium/jetty-repacked/9.4.12.v20180830/jetty-repacked-9.4.12.v20180830.jar:/Users/anvarxadja/.m2/repository/javax/servlet/javax.servlet-api/3.1.0/javax.servlet-api-3.1.0.jar:/Users/anvarxadja/.m2/repository/net/sourceforge/htmlunit/htmlunit/2.38.0/htmlunit-2.38.0.jar:/Users/anvarxadja/.m2/repository/xalan/xalan/2.7.2/xalan-2.7.2.jar:/Users/anvarxadja/.m2/repository/xalan/serializer/2.7.2/serializer-2.7.2.jar:/Users/anvarxadja/.m2/repository/org/apache/commons/commons-text/1.8/commons-text-1.8.jar:/Users/anvarxadja/.m2/repository/org/apache/httpcomponents/httpmime/4.5.12/httpmime-4.5.12.jar:/Users/anvarxadja/.m2/repository/net/sourceforge/htmlunit/htmlunit-core-js/2.38.0/htmlunit-core-js-2.38.0.jar:/Users/anvarxadja/.m2/repository/net/sourceforge/htmlunit/neko-htmlunit/2.38.0/neko-htmlunit-2.38.0.jar:/Users/anvarxadja/.m2/repository/xerces/xercesImpl/2.12.0/xercesImpl-2.12.0.jar:/Users/anvarxadja/.m2/repository/xml-apis/xml-apis/1.4.01/xml-apis-1.4.01.jar:/Users/anvarxadja/.m2/repository/net/sourceforge/htmlunit/htmlunit-cssparser/1.5.0/htmlunit-cssparser-1.5.0.jar:/Users/anvarxadja/.m2/repository/commons-logging/commons-logging/1.2/commons-logging-1.2.jar:/Users/anvarxadja/.m2/repository/commons-net/commons-net/3.6/commons-net-3.6.jar:/Users/anvarxadja/.m2/repository/org/brotli/dec/0.1.2/dec-0.1.2.jar:/Users/anvarxadja/.m2/repository/org/eclipse/jetty/websocket/websocket-client/9.4.27.v20200227/websocket-client-9.4.27.v20200227.jar:/Users/anvarxadja/.m2/repository/org/eclipse/jetty/jetty-client/9.4.27.v20200227/jetty-client-9.4.27.v20200227.jar:/Users/anvarxadja/.m2/repository/org/eclipse/jetty/jetty-http/9.4.27.v20200227/jetty-http-9.4.27.v20200227.jar:/Users/anvarxadja/.m2/repository/org/eclipse/jetty/jetty-xml/9.4.27.v20200227/jetty-xml-9.4.27.v20200227.jar:/Users/anvarxadja/.m2/repository/org/eclipse/jetty/jetty-util/9.4.27.v20200227/jetty-util-9.4.27.v20200227.jar:/Users/anvarxadja/.m2/repository/org/eclipse/jetty/jetty-io/9.4.27.v20200227/jetty-io-9.4.27.v20200227.jar:/Users/anvarxadja/.m2/repository/org/eclipse/jetty/websocket/websocket-common/9.4.27.v20200227/websocket-common-9.4.27.v20200227.jar:/Users/anvarxadja/.m2/repository/org/eclipse/jetty/websocket/websocket-api/9.4.27.v20200227/websocket-api-9.4.27.v20200227.jar:/Users/anvarxadja/.m2/repository/org/seleniumhq/selenium/htmlunit-driver/2.42.0/htmlunit-driver-2.42.0.jar:/Users/anvarxadja/.m2/repository/io/cucumber/cucumber-java/4.4.0/cucumber-java-4.4.0.jar:/Users/anvarxadja/.m2/repository/io/cucumber/cucumber-core/4.4.0/cucumber-core-4.4.0.jar:/Users/anvarxadja/.m2/repository/io/cucumber/gherkin/5.1.0/gherkin-5.1.0.jar:/Users/anvarxadja/.m2/repository/io/cucumber/tag-expressions/1.1.1/tag-expressions-1.1.1.jar:/Users/anvarxadja/.m2/repository/io/cucumber/cucumber-java8/4.4.0/cucumber-java8-4.4.0.jar:/Users/anvarxadja/.m2/repository/net/jodah/typetools/0.5.0/typetools-0.5.0.jar:/Users/anvarxadja/.m2/repository/io/cucumber/cucumber-junit/4.4.0/cucumber-junit-4.4.0.jar:/Users/anvarxadja/.m2/repository/io/cucumber/cucumber-testng/4.4.0/cucumber-testng-4.4.0.jar:/Users/anvarxadja/.m2/repository/io/cucumber/cucumber-expressions/10.2.1/cucumber-expressions-10.2.1.jar:/Users/anvarxadja/.m2/repository/org/apiguardian/apiguardian-api/1.1.0/apiguardian-api-1.1.0.jar:/Users/anvarxadja/.m2/repository/io/cucumber/datatable/3.3.1/datatable-3.3.1.jar:/Users/anvarxadja/.m2/repository/org/assertj/assertj-core/3.16.1/assertj-core-3.16.1.jar:/Users/anvarxadja/.m2/repository/commons-io/commons-io/2.7/commons-io-2.7.jar:/Users/anvarxadja/.m2/repository/io/rest-assured/rest-assured/4.3.1/rest-assured-4.3.1.jar:/Users/anvarxadja/.m2/repository/org/codehaus/groovy/groovy/3.0.3/groovy-3.0.3.jar:/Users/anvarxadja/.m2/repository/org/codehaus/groovy/groovy-xml/3.0.3/groovy-xml-3.0.3.jar:/Users/anvarxadja/.m2/repository/org/apache/httpcomponents/httpclient/4.5.3/httpclient-4.5.3.jar:/Users/anvarxadja/.m2/repository/org/apache/httpcomponents/httpcore/4.4.6/httpcore-4.4.6.jar:/Users/anvarxadja/.m2/repository/org/hamcrest/hamcrest/2.1/hamcrest-2.1.jar:/Users/anvarxadja/.m2/repository/org/ccil/cowan/tagsoup/tagsoup/1.2.1/tagsoup-1.2.1.jar:/Users/anvarxadja/.m2/repository/io/rest-assured/json-path/4.3.1/json-path-4.3.1.jar:/Users/anvarxadja/.m2/repository/org/codehaus/groovy/groovy-json/3.0.3/groovy-json-3.0.3.jar:/Users/anvarxadja/.m2/repository/io/rest-assured/rest-assured-common/4.3.1/rest-assured-common-4.3.1.jar:/Users/anvarxadja/.m2/repository/io/rest-assured/xml-path/4.3.1/xml-path-4.3.1.jar:/Users/anvarxadja/.m2/repository/jakarta/xml/bind/jakarta.xml.bind-api/2.3.3/jakarta.xml.bind-api-2.3.3.jar:/Users/anvarxadja/.m2/repository/jakarta/activation/jakarta.activation-api/1.2.2/jakarta.activation-api-1.2.2.jar:/Users/anvarxadja/.m2/repository/com/sun/xml/bind/jaxb-impl/2.3.3/jaxb-impl-2.3.3.jar:/Users/anvarxadja/.m2/repository/com/fasterxml/jackson/core/jackson-databind/2.11.1/jackson-databind-2.11.1.jar:/Users/anvarxadja/.m2/repository/com/fasterxml/jackson/core/jackson-annotations/2.11.1/jackson-annotations-2.11.1.jar:/Users/anvarxadja/.m2/repository/com/fasterxml/jackson/core/jackson-core/2.11.1/jackson-core-2.11.1.jar:/Users/anvarxadja/.m2/repository/org/hamcrest/hamcrest-all/1.3/hamcrest-all-1.3.jar:/Users/anvarxadja/.m2/repository/org/apache/logging/log4j/log4j-core/2.13.3/log4j-core-2.13.3.jar:/Users/anvarxadja/.m2/repository/org/apache/logging/log4j/log4j-api/2.13.3/log4j-api-2.13.3.jar:/Users/anvarxadja/.m2/repository/org/apache/logging/log4j/log4j-slf4j-impl/2.13.3/log4j-slf4j-impl-2.13.3.jar:"/>
    <property name="sun.cpu.endian" value="little"/>
    <property name="user.home" value="/Users/anvarxadja"/>
    <property name="user.language" value="en"/>
    <property name="java.specification.vendor" value="Oracle Corporation"/>
    <property name="java.home" value="/Library/Java/JavaVirtualMachines/jdk1.8.0_281.jdk/Contents/Home/jre"/>
    <property name="basedir" value="/Users/anvarxadja/Desktop/HXRO-java-REST-API-Automation"/>
    <property name="file.separator" value="/"/>
    <property name="line.separator" value="&#10;"/>
    <property name="java.vm.specification.vendor" value="Oracle Corporation"/>
    <property name="java.specification.name" value="Java Platform API Specification"/>
    <property name="java.awt.graphicsenv" value="sun.awt.CGraphicsEnvironment"/>
    <property name="surefire.real.class.path" value="/Users/anvarxadja/Desktop/HXRO-java-REST-API-Automation/target/surefire/surefirebooter1627161701465862118.jar"/>
    <property name="sun.boot.class.path" value="/Library/Java/JavaVirtualMachines/jdk1.8.0_281.jdk/Contents/Home/jre/lib/resources.jar:/Library/Java/JavaVirtualMachines/jdk1.8.0_281.jdk/Contents/Home/jre/lib/rt.jar:/Library/Java/JavaVirtualMachines/jdk1.8.0_281.jdk/Contents/Home/jre/lib/sunrsasign.jar:/Library/Java/JavaVirtualMachines/jdk1.8.0_281.jdk/Contents/Home/jre/lib/jsse.jar:/Library/Java/JavaVirtualMachines/jdk1.8.0_281.jdk/Contents/Home/jre/lib/jce.jar:/Library/Java/JavaVirtualMachines/jdk1.8.0_281.jdk/Contents/Home/jre/lib/charsets.jar:/Library/Java/JavaVirtualMachines/jdk1.8.0_281.jdk/Contents/Home/jre/lib/jfr.jar:/Library/Java/JavaVirtualMachines/jdk1.8.0_281.jdk/Contents/Home/jre/classes"/>
    <property name="sun.management.compiler" value="HotSpot 64-Bit Tiered Compilers"/>
    <property name="ftp.nonProxyHosts" value="local|*.local|169.254/16|*.169.254/16"/>
    <property name="java.runtime.version" value="1.8.0_281-b09"/>
    <property name="user.name" value="anvarxadja"/>
    <property name="path.separator" value=":"/>
    <property name="os.version" value="10.16"/>
    <property name="java.endorsed.dirs" value="/Library/Java/JavaVirtualMachines/jdk1.8.0_281.jdk/Contents/Home/jre/lib/endorsed"/>
    <property name="java.runtime.name" value="Java(TM) SE Runtime Environment"/>
    <property name="file.encoding" value="UTF-8"/>
    <property name="java.vm.name" value="Java HotSpot(TM) 64-Bit Server VM"/>
    <property name="localRepository" value="/Users/anvarxadja/.m2/repository"/>
    <property name="java.vendor.url.bug" value="http://bugreport.sun.com/bugreport/"/>
    <property name="java.io.tmpdir" value="/var/folders/cr/yy2qh4cj19vc9lp76318tv700000gn/T/"/>
    <property name="java.version" value="1.8.0_281"/>
    <property name="user.dir" value="/Users/anvarxadja/Desktop/HXRO-java-REST-API-Automation"/>
    <property name="os.arch" value="x86_64"/>
    <property name="java.vm.specification.name" value="Java Virtual Machine Specification"/>
    <property name="java.awt.printerjob" value="sun.lwawt.macosx.CPrinterJob"/>
    <property name="sun.os.patch.level" value="unknown"/>
    <property name="java.library.path" value="/Users/anvarxadja/Library/Java/Extensions:/Library/Java/Extensions:/Network/Library/Java/Extensions:/System/Library/Java/Extensions:/usr/lib/java:."/>
    <property name="java.vm.info" value="mixed mode"/>
    <property name="java.vendor" value="Oracle Corporation"/>
    <property name="java.vm.version" value="25.281-b09"/>
    <property name="java.ext.dirs" value="/Users/anvarxadja/Library/Java/Extensions:/Library/Java/JavaVirtualMachines/jdk1.8.0_281.jdk/Contents/Home/jre/lib/ext:/Library/Java/Extensions:/Network/Library/Java/Extensions:/System/Library/Java/Extensions:/usr/lib/java"/>
    <property name="sun.io.unicode.encoding" value="UnicodeBig"/>
    <property name="java.class.version" value="52.0"/>
    <property name="socksNonProxyHosts" value="local|*.local|169.254/16|*.169.254/16"/>
  </properties>
  <testcase name="Simple user interactions in TixWix" classname="Smoke steps" time="6.428">
    <system-out><![CDATA[BeforeAll
@hxro
Feature: Smoke steps

  @hxro @hxro1
  Scenario: Simple user interactions in TixWix &amp#27;[90m# src/test/resources/features/hxro.feature:5&amp#27;[0m
INFO 21:01:13:234 wdm.WebDriverManager resolveDriverVersion:573 Using chromedriver 88.0.4324.96 (since Chrome 88 is installed in your machine)
INFO 21:01:13:264 wdm.WebDriverManager exportDriver:631 Exporting webdriver.chrome.driver as /Users/anvarxadja/.m2/repository/webdriver/chromedriver/mac64/88.0.4324.96/chromedriver
    &amp#27;[32mGiven &amp#27;[0m&amp#27;[32mI open &amp#27;[0m&amp#27;[32m&amp#27;[1m"hxro"&amp#27;[0m&amp#27;[32m page&amp#27;[0m                   &amp#27;[90m# HxroStepDefs.iOpenPage(String)&amp#27;[0m
    &amp#27;[32mThen &amp#27;[0m&amp#27;[32mI verify elements on the page&amp#27;[0m         &amp#27;[90m# HxroStepDefs.iVerifyElementsOnThePage()&amp#27;[0m
    &amp#27;[32mAnd &amp#27;[0m&amp#27;[32mI select &amp#27;[0m&amp#27;[32m&amp#27;[1m"tixwix"&amp#27;[0m                      &amp#27;[90m# HxroStepDefs.iSelect(String)&amp#27;[0m
    &amp#27;[32mThen &amp#27;[0m&amp#27;[32mI verify elements on the page&amp#27;[0m         &amp#27;[90m# HxroStepDefs.iVerifyElementsOnThePage()&amp#27;[0m
    &amp#27;[32mAnd &amp#27;[0m&amp#27;[32mI select contracts available dates&amp#27;[0m     &amp#27;[90m# HxroStepDefs.iSelectContractsAvailableDates()&amp#27;[0m
    &amp#27;[32mWhen &amp#27;[0m&amp#27;[32mI verify expiration date&amp#27;[0m              &amp#27;[90m# HxroStepDefs.iVerifyExpirationDate()&amp#27;[0m
]]></system-out>
    <system-err><![CDATA[Feb 19, 2021 9:01:12 PM cucumber.runtime.java.ObjectFactoryLoader loadSingleObjectFactory
WARNING: Use deprecated reflections to load ObjectFactory.
ChromeDriver was started successfully.
Feb 19, 2021 9:01:16 PM org.openqa.selenium.remote.ProtocolHandshake createSession
INFO: Detected dialect: W3C
]]></system-err>
  </testcase>
  <testcase name="Sign up steps" classname="Smoke steps" time="3.657">
    <error type="java.lang.NullPointerException"><![CDATA[java.lang.NullPointerException
]]></error>
    <system-out><![CDATA[
  @hxro @hxro2
  Scenario: Sign up steps          &amp#27;[90m# src/test/resources/features/hxro.feature:14&amp#27;[0m
INFO 21:01:18:643 wdm.WebDriverManager resolveDriverVersion:573 Using chromedriver 88.0.4324.96 (since Chrome 88 is installed in your machine)
INFO 21:01:18:648 wdm.WebDriverManager exportDriver:631 Exporting webdriver.chrome.driver as /Users/anvarxadja/.m2/repository/webdriver/chromedriver/mac64/88.0.4324.96/chromedriver
    &amp#27;[32mGiven &amp#27;[0m&amp#27;[32mI open &amp#27;[0m&amp#27;[32m&amp#27;[1m"hxro"&amp#27;[0m&amp#27;[32m page&amp#27;[0m       &amp#27;[90m# HxroStepDefs.iOpenPage(String)&amp#27;[0m
    &amp#27;[31mAnd &amp#27;[0m&amp#27;[31mI click on register button&amp#27;[0m &amp#27;[90m# HxroStepDefs.iClickOnButton()&amp#27;[0m
      &amp#27;[31mjava.lang.NullPointerException
	at pages.HxroPage.clickRegisterButton(HxroPage.java:30)
	at definitions.HxroStepDefs.iClickOnButton(HxroStepDefs.java:71)
	at ✽.I click on register button(file:src/test/resources/features/hxro.feature:16)
&amp#27;[0m
]]></system-out>
    <system-err><![CDATA[ChromeDriver was started successfully.
Feb 19, 2021 9:01:20 PM org.openqa.selenium.remote.ProtocolHandshake createSession
INFO: Detected dialect: W3C
]]></system-err>
  </testcase>
</testsuite>